This file contains any messages produced by compilers while
running configure, to aid debugging if configure makes a mistake.

It was created by configure, which was
generated by GNU Autoconf 2.61.  Invocation command line was

  $ ./configure 

## --------- ##
## Platform. ##
## --------- ##

hostname = ubuntu-inspiron-7559
uname -m = x86_64
uname -r = 5.3.0-26-generic
uname -s = Linux
uname -v = #28~18.04.1-Ubuntu SMP Wed Dec 18 16:40:14 UTC 2019

/usr/bin/uname -p = unknown
/bin/uname -X     = unknown

/bin/arch              = unknown
/usr/bin/arch -k       = unknown
/usr/convex/getsysinfo = unknown
/usr/bin/hostinfo      = unknown
/bin/machine           = unknown
/usr/bin/oslevel       = unknown
/bin/universe          = unknown

PATH: /home/enriquevc/flutter/bin
PATH: /home/enriquevc/.nvm/versions/node/v12.4.0/bin
PATH: /home/enriquevc/.rbenv/plugins/ruby-build/bin
PATH: /home/enriquevc/.rbenv/shims
PATH: /home/enriquevc/.rbenv/bin
PATH: /home/enriquevc/.rbenv/plugins/ruby-build/bin
PATH: /home/enriquevc/.rbenv/shims
PATH: /home/enriquevc/.rbenv/bin
PATH: /home/enriquevc/anaconda3/bin
PATH: /usr/local/sbin
PATH: /usr/local/bin
PATH: /usr/sbin
PATH: /usr/bin
PATH: /sbin
PATH: /bin
PATH: /usr/games
PATH: /usr/local/games
PATH: /snap/bin--------


## ----------- ##
## Core tests. ##
## ----------- ##

configure:1651: checking whether make sets $(MAKE)
configure:1672: result: yes
configure:1730: checking for gcc
configure:1746: found /usr/bin/gcc
configure:1757: result: gcc
configure:1995: checking for C compiler version
configure:2002: gcc --version >&5
gcc (Ubuntu 7.4.0-1ubuntu1~18.04.1) 7.4.0
Copyright (C) 2017 Free Software Foundation, Inc.
This is free software; see the source for copying conditions.  There is NO
warranty; not even for MERCHANTABILITY or FITNESS FOR A PARTICULAR PURPOSE.

configure:2005: $? = 0
configure:2012: gcc -v >&5
Using built-in specs.
COLLECT_GCC=gcc
COLLECT_LTO_WRAPPER=/usr/lib/gcc/x86_64-linux-gnu/7/lto-wrapper
OFFLOAD_TARGET_NAMES=nvptx-none
OFFLOAD_TARGET_DEFAULT=1
Target: x86_64-linux-gnu
Configured with: ../src/configure -v --with-pkgversion='Ubuntu 7.4.0-1ubuntu1~18.04.1' --with-bugurl=file:///usr/share/doc/gcc-7/README.Bugs --enable-languages=c,ada,c++,go,brig,d,fortran,objc,obj-c++ --prefix=/usr --with-gcc-major-version-only --program-suffix=-7 --program-prefix=x86_64-linux-gnu- --enable-shared --enable-linker-build-id --libexecdir=/usr/lib --without-included-gettext --enable-threads=posix --libdir=/usr/lib --enable-nls --with-sysroot=/ --enable-clocale=gnu --enable-libstdcxx-debug --enable-libstdcxx-time=yes --with-default-libstdcxx-abi=new --enable-gnu-unique-object --disable-vtable-verify --enable-libmpx --enable-plugin --enable-default-pie --with-system-zlib --with-target-system-zlib --enable-objc-gc=auto --enable-multiarch --disable-werror --with-arch-32=i686 --with-abi=m64 --with-multilib-list=m32,m64,mx32 --enable-multilib --with-tune=generic --enable-offload-targets=nvptx-none --without-cuda-driver --enable-checking=release --build=x86_64-linux-gnu --host=x86_64-linux-gnu --target=x86_64-linux-gnu
Thread model: posix
gcc version 7.4.0 (Ubuntu 7.4.0-1ubuntu1~18.04.1) 
configure:2015: $? = 0
configure:2022: gcc -V >&5
gcc: error: unrecognized command line option '-V'
gcc: fatal error: no input files
compilation terminated.
configure:2025: $? = 1
configure:2048: checking for C compiler default output file name
configure:2075: gcc    conftest.c  >&5
configure:2078: $? = 0
configure:2116: result: a.out
configure:2133: checking whether the C compiler works
configure:2143: ./a.out
configure:2146: $? = 0
configure:2163: result: yes
configure:2170: checking whether we are cross compiling
configure:2172: result: no
configure:2175: checking for suffix of executables
configure:2182: gcc -o conftest    conftest.c  >&5
configure:2185: $? = 0
configure:2209: result: 
configure:2215: checking for suffix of object files
configure:2241: gcc -c   conftest.c >&5
configure:2244: $? = 0
configure:2267: result: o
configure:2271: checking whether we are using the GNU C compiler
configure:2300: gcc -c   conftest.c >&5
configure:2306: $? = 0
configure:2323: result: yes
configure:2328: checking whether gcc accepts -g
configure:2358: gcc -c -g  conftest.c >&5
configure:2364: $? = 0
configure:2463: result: yes
configure:2480: checking for gcc option to accept ISO C89
configure:2554: gcc  -c -g -O2  conftest.c >&5
configure:2560: $? = 0
configure:2583: result: none needed
configure:2645: checking for a BSD-compatible install
configure:2701: result: /usr/bin/install -c
configure:2716: checking for bison
configure:2732: found /usr/bin/bison
configure:2743: result: bison -y
configure:2758: checking for sin in -lm
configure:2793: gcc -o conftest -g -O2   conftest.c -lm   >&5
conftest.c:15:6: warning: conflicting types for built-in function 'sin' [-Wbuiltin-declaration-mismatch]
 char sin ();
      ^~~
configure:2799: $? = 0
configure:2817: result: yes
configure:2834: checking how to run the C preprocessor
configure:2874: gcc -E  conftest.c
configure:2880: $? = 0
configure:2911: gcc -E  conftest.c
conftest.c:9:10: fatal error: ac_nonexistent.h: No such file or directory
 #include <ac_nonexistent.h>
          ^~~~~~~~~~~~~~~~~~
compilation terminated.
configure:2917: $? = 1
configure: failed program was:
| /* confdefs.h.  */
| #define PACKAGE_NAME ""
| #define PACKAGE_TARNAME ""
| #define PACKAGE_VERSION ""
| #define PACKAGE_STRING ""
| #define PACKAGE_BUGREPORT ""
| #define HAVE_LIBM 1
| /* end confdefs.h.  */
| #include <ac_nonexistent.h>
configure:2950: result: gcc -E
configure:2979: gcc -E  conftest.c
configure:2985: $? = 0
configure:3016: gcc -E  conftest.c
conftest.c:9:10: fatal error: ac_nonexistent.h: No such file or directory
 #include <ac_nonexistent.h>
          ^~~~~~~~~~~~~~~~~~
compilation terminated.
configure:3022: $? = 1
configure: failed program was:
| /* confdefs.h.  */
| #define PACKAGE_NAME ""
| #define PACKAGE_TARNAME ""
| #define PACKAGE_VERSION ""
| #define PACKAGE_STRING ""
| #define PACKAGE_BUGREPORT ""
| #define HAVE_LIBM 1
| /* end confdefs.h.  */
| #include <ac_nonexistent.h>
configure:3060: checking for grep that handles long lines and -e
configure:3134: result: /bin/grep
configure:3139: checking for egrep
configure:3217: result: /bin/grep -E
configure:3222: checking for ANSI C header files
configure:3252: gcc -c -g -O2  conftest.c >&5
configure:3258: $? = 0
configure:3357: gcc -o conftest -g -O2   conftest.c -lm  >&5
configure:3360: $? = 0
configure:3366: ./conftest
configure:3369: $? = 0
configure:3386: result: yes
configure:3397: checking for an ANSI C-conforming const
configure:3472: gcc -c -g -O2  conftest.c >&5
configure:3478: $? = 0
configure:3493: result: yes
configure:3503: checking return type of signal handlers
configure:3531: gcc -c -g -O2  conftest.c >&5
conftest.c: In function 'main':
conftest.c:16:10: error: void value not ignored as it ought to be
 return *(signal (0, 0)) (0) == 1;
         ~^~~~~~~~~~~~~~~~~~
configure:3537: $? = 1
configure: failed program was:
| /* confdefs.h.  */
| #define PACKAGE_NAME ""
| #define PACKAGE_TARNAME ""
| #define PACKAGE_VERSION ""
| #define PACKAGE_STRING ""
| #define PACKAGE_BUGREPORT ""
| #define HAVE_LIBM 1
| #define STDC_HEADERS 1
| /* end confdefs.h.  */
| #include <sys/types.h>
| #include <signal.h>
| 
| int
| main ()
| {
| return *(signal (0, 0)) (0) == 1;
|   ;
|   return 0;
| }
configure:3552: result: void
configure:3561: checking for pointer size matches long, not int
configure:3590: gcc -o conftest -g -O2   conftest.c -lm  >&5
conftest.c:14:1: warning: return type defaults to 'int' [-Wimplicit-int]
 main(){
 ^~~~
conftest.c: In function 'main':
conftest.c:15:2: warning: implicit declaration of function 'exit' [-Wimplicit-function-declaration]
  exit(sizeof(int)!=sizeof(SMI) && sizeof(long)==sizeof(SMI));
  ^~~~
conftest.c:15:2: warning: incompatible implicit declaration of built-in function 'exit'
conftest.c:15:2: note: include '<stdlib.h>' or provide a declaration of 'exit'
configure:3593: $? = 0
configure:3599: ./conftest
configure:3602: $? = 0
configure:3607: result: yes
configure:3629: checking for lgamma
configure:3685: gcc -o conftest -g -O2   conftest.c -lm  >&5
conftest.c:35:6: warning: conflicting types for built-in function 'lgamma' [-Wbuiltin-declaration-mismatch]
 char lgamma ();
      ^~~~~~
configure:3691: $? = 0
configure:3709: result: yes
configure:3826: checking for matherr
configure:3882: gcc -o conftest -g -O2   conftest.c -lm  >&5
/tmp/ccYNZHWY.o: In function `main':
/home/enriquevc/Documents/hoc/hoc-9.2/conftest.c:47: undefined reference to `matherr'
collect2: error: ld returned 1 exit status
configure:3888: $? = 1
configure: failed program was:
| /* confdefs.h.  */
| #define PACKAGE_NAME ""
| #define PACKAGE_TARNAME ""
| #define PACKAGE_VERSION ""
| #define PACKAGE_STRING ""
| #define PACKAGE_BUGREPORT ""
| #define HAVE_LIBM 1
| #define STDC_HEADERS 1
| #define RETSIGTYPE void
| #define pointer_sized_int long
| #define HAVE_LGAMMA 1
| /* end confdefs.h.  */
| /* Define matherr to an innocuous variant, in case <limits.h> declares matherr.
|    For example, HP-UX 11i <limits.h> declares gettimeofday.  */
| #define matherr innocuous_matherr
| 
| /* System header to define __stub macros and hopefully few prototypes,
|     which can conflict with char matherr (); below.
|     Prefer <limits.h> to <assert.h> if __STDC__ is defined, since
|     <limits.h> exists even on freestanding compilers.  */
| 
| #ifdef __STDC__
| # include <limits.h>
| #else
| # include <assert.h>
| #endif
| 
| #undef matherr
| 
| /* Override any GCC internal prototype to avoid an error.
|    Use char because int might match the return type of a GCC
|    builtin and then its argument prototype would still apply.  */
| #ifdef __cplusplus
| extern "C"
| #endif
| char matherr ();
| /* The GNU C library defines this for functions which it implements
|     to always fail with ENOSYS.  Some functions are actually named
|     something starting with __ and the normal name is an alias.  */
| #if defined __stub_matherr || defined __stub___matherr
| choke me
| #endif
| 
| int
| main ()
| {
| return matherr ();
|   ;
|   return 0;
| }
configure:3906: result: no
configure:3920: checking for siglongjmp
configure:3976: gcc -o conftest -g -O2   conftest.c -lm  >&5
configure:3982: $? = 0
configure:4000: result: yes
configure:4012: checking for compiler bug (*(*pc++))()
configure:4046: gcc -o conftest -g -O2   conftest.c -lm  >&5
conftest.c:19:1: warning: return type defaults to 'int' [-Wimplicit-int]
 main(){
 ^~~~
conftest.c: In function 'f':
conftest.c:24:2: warning: implicit declaration of function 'exit' [-Wimplicit-function-declaration]
  exit(pc!=prog);
  ^~~~
conftest.c:24:2: warning: incompatible implicit declaration of built-in function 'exit'
conftest.c:24:2: note: include '<stdlib.h>' or provide a declaration of 'exit'
configure:4049: $? = 0
configure:4055: ./conftest
configure:4058: $? = 1
configure: program exited with status 1
configure: failed program was:
| /* confdefs.h.  */
| #define PACKAGE_NAME ""
| #define PACKAGE_TARNAME ""
| #define PACKAGE_VERSION ""
| #define PACKAGE_STRING ""
| #define PACKAGE_BUGREPORT ""
| #define HAVE_LIBM 1
| #define STDC_HEADERS 1
| #define RETSIGTYPE void
| #define pointer_sized_int long
| #define HAVE_LGAMMA 1
| #define HAVE_SIGLONGJMP 1
| /* end confdefs.h.  */
| 
| typedef void SMI;
| typedef SMI (*Inst)();
| SMI f();
| Inst prog[17], *pc=prog;
| main(){
| 	prog[0]=f;
| 	(*(*pc++))();
| }
| SMI f(){
| 	exit(pc!=prog);
| }
| 
configure:4071: result: no
configure:4212: creating ./config.status

## ---------------------- ##
## Running config.status. ##
## ---------------------- ##

This file was extended by config.status, which was
generated by GNU Autoconf 2.61.  Invocation command line was

  CONFIG_FILES    = 
  CONFIG_HEADERS  = 
  CONFIG_LINKS    = 
  CONFIG_COMMANDS = 
  $ ./config.status 

on ubuntu-inspiron-7559

config.status:581: creating Makefile

## ---------------- ##
## Cache variables. ##
## ---------------- ##

ac_cv_c_compiler_gnu=yes
ac_cv_c_const=yes
ac_cv_env_CC_set=
ac_cv_env_CC_value=
ac_cv_env_CFLAGS_set=
ac_cv_env_CFLAGS_value=
ac_cv_env_CPPFLAGS_set=
ac_cv_env_CPPFLAGS_value=
ac_cv_env_CPP_set=
ac_cv_env_CPP_value=
ac_cv_env_LDFLAGS_set=
ac_cv_env_LDFLAGS_value=
ac_cv_env_LIBS_set=
ac_cv_env_LIBS_value=
ac_cv_env_YACC_set=
ac_cv_env_YACC_value=
ac_cv_env_YFLAGS_set=
ac_cv_env_YFLAGS_value=
ac_cv_env_build_alias_set=
ac_cv_env_build_alias_value=
ac_cv_env_host_alias_set=
ac_cv_env_host_alias_value=
ac_cv_env_target_alias_set=
ac_cv_env_target_alias_value=
ac_cv_func_lgamma=yes
ac_cv_func_matherr=no
ac_cv_func_siglongjmp=yes
ac_cv_header_stdc=yes
ac_cv_lib_m_sin=yes
ac_cv_objext=o
ac_cv_path_EGREP='/bin/grep -E'
ac_cv_path_GREP=/bin/grep
ac_cv_path_install='/usr/bin/install -c'
ac_cv_prog_CPP='gcc -E'
ac_cv_prog_YACC='bison -y'
ac_cv_prog_ac_ct_CC=gcc
ac_cv_prog_cc_c89=
ac_cv_prog_cc_g=yes
ac_cv_prog_make_make_set=yes
ac_cv_type_signal=void

## ----------------- ##
## Output variables. ##
## ----------------- ##

CC='gcc'
CFLAGS='-g -O2'
CPP='gcc -E'
CPPFLAGS=''
DEFS='-DPACKAGE_NAME=\"\" -DPACKAGE_TARNAME=\"\" -DPACKAGE_VERSION=\"\" -DPACKAGE_STRING=\"\" -DPACKAGE_BUGREPORT=\"\" -DHAVE_LIBM=1 -DSTDC_HEADERS=1 -DRETSIGTYPE=void -Dpointer_sized_int=long -DHAVE_LGAMMA=1 -DHAVE_SIGLONGJMP=1'
ECHO_C=''
ECHO_N='-n'
ECHO_T=''
EGREP='/bin/grep -E'
EXEEXT=''
GREP='/bin/grep'
INSTALL_DATA='${INSTALL} -m 644'
INSTALL_PROGRAM='${INSTALL}'
INSTALL_SCRIPT='${INSTALL}'
LDFLAGS=''
LIBOBJS=''
LIBS='-lm '
LTLIBOBJS=''
OBJEXT='o'
PACKAGE_BUGREPORT=''
PACKAGE_NAME=''
PACKAGE_STRING=''
PACKAGE_TARNAME=''
PACKAGE_VERSION=''
PATH_SEPARATOR=':'
SET_MAKE=''
SHELL='/bin/bash'
YACC='bison -y'
YFLAGS=''
ac_ct_CC='gcc'
bindir='${exec_prefix}/bin'
build_alias=''
datadir='${datarootdir}'
datarootdir='${prefix}/share'
docdir='${datarootdir}/doc/${PACKAGE}'
dvidir='${docdir}'
exec_prefix='${prefix}'
host_alias=''
htmldir='${docdir}'
includedir='${prefix}/include'
infodir='${datarootdir}/info'
libdir='${exec_prefix}/lib'
libexecdir='${exec_prefix}/libexec'
localedir='${datarootdir}/locale'
localstatedir='${prefix}/var'
mandir='${datarootdir}/man'
oldincludedir='/usr/include'
pdfdir='${docdir}'
prefix='/usr/local'
program_transform_name='s,x,x,'
psdir='${docdir}'
sbindir='${exec_prefix}/sbin'
sharedstatedir='${prefix}/com'
sysconfdir='${prefix}/etc'
target_alias=''

## ----------- ##
## confdefs.h. ##
## ----------- ##

#define PACKAGE_NAME ""
#define PACKAGE_TARNAME ""
#define PACKAGE_VERSION ""
#define PACKAGE_STRING ""
#define PACKAGE_BUGREPORT ""
#define HAVE_LIBM 1
#define STDC_HEADERS 1
#define RETSIGTYPE void
#define pointer_sized_int long
#define HAVE_LGAMMA 1
#define HAVE_SIGLONGJMP 1

configure: exit 0
